<?xml version="1.0" encoding="UTF-8"?>
<!-- Generated by org.testng.reporters.JUnitReportReporter -->
<testsuite hostname="croy_toshiba2" name="testCases.tst_01_quick_test" tests="1" failures="0" timestamp="22 Nov 2016 01:55:13 GMT" time="11.621" errors="0">
  <testcase name="test_case_basic_step" time="11.621" classname="testCases.tst_01_quick_test"/>
</testsuite> <!-- testCases.tst_01_quick_test -->
