<?xml version="1.0" encoding="UTF-8"?>
<!-- Generated by org.testng.reporters.JUnitReportReporter -->
<testsuite hostname="croy_toshiba2" name="testCases.tst_02_basic" tests="2" failures="0" timestamp="22 Nov 2016 01:23:58 GMT" time="9.619" errors="0">
  <testcase name="test_case_home_page" time="2.193" classname="testCases.tst_02_basic"/>
  <testcase name="test_case_login" time="7.426" classname="testCases.tst_02_basic"/>
</testsuite> <!-- testCases.tst_02_basic -->
